<?xml version="1.0" encoding="UTF-8"?>
<!-- Generated by org.testng.reporters.JUnitReportReporter -->
<testsuite skipped="0" hostname="Diya" name="com.oranghrmlive.demo.testsuite.LoginPageTest" tests="2" failures="0" timestamp="2022-12-12T17:44:37 GMT" time="10.612" errors="0">
  <testcase name="userShouldNavigateToForgotPasswordPageSuccessfully" time="4.005" classname="com.oranghrmlive.demo.testsuite.LoginPageTest"/>
  <system-out>
    <![CDATA[clickOnForgotPassword[[ChromeDriver: chrome on WINDOWS (fd05beae22a7cbd8088362600ded8b05)] -> xpath: //p[@class = 'oxd-text oxd-text--p orangehrm-login-forgot-header']]
getResetPasswordText[[ChromeDriver: chrome on WINDOWS (fd05beae22a7cbd8088362600ded8b05)] -> xpath: //h6[@class = 'oxd-text oxd-text--h6 orangehrm-forgot-password-title']]
Click to see screenshot
<a target = "_blank" href=C:\Users\viren\IdeaProjects\com-orangehrmlive-wk-15-virenpatel/test-output/html/userShouldNavigateToForgotPasswordPageSuccessfullyMon_Dec_12_17_44_35_GMT_2022.jpg>Screenshot</a>
<br>
Click to see screenshot
<a target = "_blank" href=C:\Users\viren\IdeaProjects\com-orangehrmlive-wk-15-virenpatel/test-output/html/userShouldNavigateToForgotPasswordPageSuccessfullyMon_Dec_12_17_44_36_GMT_2022.jpg>Screenshot</a>
<br>]]>
  </system-out>
  <testcase name="userShouldLoginSuccessfullyWithValidCredentials" time="6.607" classname="com.oranghrmlive.demo.testsuite.LoginPageTest"/>
  <system-out>
    <![CDATA[enterUsername[[ChromeDriver: chrome on WINDOWS (2d95216f632cf861becb97536b0ccaea)] -> name: username]
enterPassword[[ChromeDriver: chrome on WINDOWS (2d95216f632cf861becb97536b0ccaea)] -> name: password]
clickOnLoginButton[[ChromeDriver: chrome on WINDOWS (2d95216f632cf861becb97536b0ccaea)] -> xpath: //button[@type='submit']]
getDashboardText[[ChromeDriver: chrome on WINDOWS (2d95216f632cf861becb97536b0ccaea)] -> xpath: //h6[@class='oxd-text oxd-text--h6 oxd-topbar-header-breadcrumb-module']]
Click to see screenshot
<a target = "_blank" href=C:\Users\viren\IdeaProjects\com-orangehrmlive-wk-15-virenpatel/test-output/html/userShouldLoginSuccessfullyWithValidCredentialsMon_Dec_12_17_44_31_GMT_2022.jpg>Screenshot</a>
<br>
Click to see screenshot
<a target = "_blank" href=C:\Users\viren\IdeaProjects\com-orangehrmlive-wk-15-virenpatel/test-output/html/userShouldLoginSuccessfullyWithValidCredentialsMon_Dec_12_17_44_31_GMT_2022.jpg>Screenshot</a>
<br>]]>
  </system-out>
</testsuite> <!-- com.oranghrmlive.demo.testsuite.LoginPageTest -->
